Analysis & Synthesis report for FinalExam
Thu Jan 03 11:45:07 2019
Quartus II Version 8.1 Build 163 10/28/2008 SJ Web Edition


---------------------
; Table of Contents ;
---------------------
  1. Legal Notice
  2. Analysis & Synthesis Summary
  3. Analysis & Synthesis Settings
  4. Analysis & Synthesis Source Files Read
  5. Analysis & Synthesis Resource Usage Summary
  6. Analysis & Synthesis Resource Utilization by Entity
  7. State Machine - |FinalExam|game:G|temp
  8. User-Specified and Inferred Latches
  9. Registers Removed During Synthesis
 10. Removed Registers Triggering Further Register Optimizations
 11. General Register Statistics
 12. Inverted Register Statistics
 13. Multiplexer Restructuring Statistics (Restructuring Performed)
 14. Analysis & Synthesis Messages
 15. Analysis & Synthesis Suppressed Messages



----------------
; Legal Notice ;
----------------
Copyright (C) 1991-2008 Altera Corporation
Your use of Altera Corporation's design tools, logic functions 
and other software and tools, and its AMPP partner logic 
functions, and any output files from any of the foregoing 
(including device programming or simulation files), and any 
associated documentation or information are expressly subject 
to the terms and conditions of the Altera Program License 
Subscription Agreement, Altera MegaCore Function License 
Agreement, or other applicable license agreement, including, 
without limitation, that your use is for the sole purpose of 
programming logic devices manufactured by Altera and sold by 
Altera or its authorized distributors.  Please refer to the 
applicable agreement for further details.



+-----------------------------------------------------------------------+
; Analysis & Synthesis Summary                                          ;
+-----------------------------+-----------------------------------------+
; Analysis & Synthesis Status ; Successful - Thu Jan 03 11:45:06 2019   ;
; Quartus II Version          ; 8.1 Build 163 10/28/2008 SJ Web Edition ;
; Revision Name               ; FinalExam                               ;
; Top-level Entity Name       ; FinalExam                               ;
; Family                      ; MAX II                                  ;
; Total logic elements        ; 583                                     ;
; Total pins                  ; 27                                      ;
; Total virtual pins          ; 0                                       ;
; UFM blocks                  ; 0 / 1 ( 0 % )                           ;
+-----------------------------+-----------------------------------------+


+----------------------------------------------------------------------------------------------------------+
; Analysis & Synthesis Settings                                                                            ;
+----------------------------------------------------------------+--------------------+--------------------+
; Option                                                         ; Setting            ; Default Value      ;
+----------------------------------------------------------------+--------------------+--------------------+
; Device                                                         ; EPM570T144C5       ;                    ;
; Top-level entity name                                          ; FinalExam          ; FinalExam          ;
; Family name                                                    ; MAX II             ; Stratix II         ;
; Use Generated Physical Constraints File                        ; Off                ;                    ;
; Use smart compilation                                          ; Off                ; Off                ;
; Restructure Multiplexers                                       ; Auto               ; Auto               ;
; Create Debugging Nodes for IP Cores                            ; Off                ; Off                ;
; Preserve fewer node names                                      ; On                 ; On                 ;
; Disable OpenCore Plus hardware evaluation                      ; Off                ; Off                ;
; Verilog Version                                                ; Verilog_2001       ; Verilog_2001       ;
; VHDL Version                                                   ; VHDL93             ; VHDL93             ;
; State Machine Processing                                       ; Auto               ; Auto               ;
; Safe State Machine                                             ; Off                ; Off                ;
; Extract Verilog State Machines                                 ; On                 ; On                 ;
; Extract VHDL State Machines                                    ; On                 ; On                 ;
; Ignore Verilog initial constructs                              ; Off                ; Off                ;
; Iteration limit for constant Verilog loops                     ; 5000               ; 5000               ;
; Iteration limit for non-constant Verilog loops                 ; 250                ; 250                ;
; Add Pass-Through Logic to Inferred RAMs                        ; On                 ; On                 ;
; Parallel Synthesis                                             ; Off                ; Off                ;
; NOT Gate Push-Back                                             ; On                 ; On                 ;
; Power-Up Don't Care                                            ; On                 ; On                 ;
; Remove Redundant Logic Cells                                   ; Off                ; Off                ;
; Remove Duplicate Registers                                     ; On                 ; On                 ;
; Ignore CARRY Buffers                                           ; Off                ; Off                ;
; Ignore CASCADE Buffers                                         ; Off                ; Off                ;
; Ignore GLOBAL Buffers                                          ; Off                ; Off                ;
; Ignore ROW GLOBAL Buffers                                      ; Off                ; Off                ;
; Ignore LCELL Buffers                                           ; Off                ; Off                ;
; Ignore SOFT Buffers                                            ; On                 ; On                 ;
; Limit AHDL Integers to 32 Bits                                 ; Off                ; Off                ;
; Optimization Technique                                         ; Balanced           ; Balanced           ;
; Carry Chain Length                                             ; 70                 ; 70                 ;
; Auto Carry Chains                                              ; On                 ; On                 ;
; Auto Open-Drain Pins                                           ; On                 ; On                 ;
; Perform WYSIWYG Primitive Resynthesis                          ; Off                ; Off                ;
; Perform gate-level register retiming                           ; Off                ; Off                ;
; Allow register retiming to trade off Tsu/Tco with Fmax         ; On                 ; On                 ;
; Auto Shift Register Replacement                                ; Auto               ; Auto               ;
; Auto Clock Enable Replacement                                  ; On                 ; On                 ;
; Allow Synchronous Control Signals                              ; On                 ; On                 ;
; Force Use of Synchronous Clear Signals                         ; Off                ; Off                ;
; Auto Resource Sharing                                          ; Off                ; Off                ;
; Use LogicLock Constraints during Resource Balancing            ; On                 ; On                 ;
; Ignore translate_off and synthesis_off directives              ; Off                ; Off                ;
; Show Parameter Settings Tables in Synthesis Report             ; On                 ; On                 ;
; Ignore Maximum Fan-Out Assignments                             ; Off                ; Off                ;
; Synchronization Register Chain Length                          ; 2                  ; 2                  ;
; PowerPlay Power Optimization                                   ; Normal compilation ; Normal compilation ;
; HDL message level                                              ; Level2             ; Level2             ;
; Suppress Register Optimization Related Messages                ; Off                ; Off                ;
; Number of Removed Registers Reported in Synthesis Report       ; 100                ; 100                ;
; Number of Inverted Registers Reported in Synthesis Report      ; 100                ; 100                ;
; Clock MUX Protection                                           ; On                 ; On                 ;
; Block Design Naming                                            ; Auto               ; Auto               ;
; Synthesis Effort                                               ; Auto               ; Auto               ;
; Allows Asynchronous Clear Usage For Shift Register Replacement ; On                 ; On                 ;
; Analysis & Synthesis Message Level                             ; Medium             ; Medium             ;
+----------------------------------------------------------------+--------------------+--------------------+


+----------------------------------------------------------------------------------------------------------------------------------+
; Analysis & Synthesis Source Files Read                                                                                           ;
+----------------------------------+-----------------+------------------------+----------------------------------------------------+
; File Name with User-Entered Path ; Used in Netlist ; File Type              ; File Name with Absolute Path                       ;
+----------------------------------+-----------------+------------------------+----------------------------------------------------+
; autoPlay.v                       ; yes             ; User Verilog HDL File  ; C:/altera/81/quartus/project/FinalExam/autoPlay.v  ;
; toneOut.v                        ; yes             ; User Verilog HDL File  ; C:/altera/81/quartus/project/FinalExam/toneOut.v   ;
; table.v                          ; yes             ; User Verilog HDL File  ; C:/altera/81/quartus/project/FinalExam/table.v     ;
; FinalExam.v                      ; yes             ; User Verilog HDL File  ; C:/altera/81/quartus/project/FinalExam/FinalExam.v ;
; game.v                           ; yes             ; User Verilog HDL File  ; C:/altera/81/quartus/project/FinalExam/game.v      ;
+----------------------------------+-----------------+------------------------+----------------------------------------------------+


+-----------------------------------------------------+
; Analysis & Synthesis Resource Usage Summary         ;
+---------------------------------------------+-------+
; Resource                                    ; Usage ;
+---------------------------------------------+-------+
; Total logic elements                        ; 583   ;
;     -- Combinational with no register       ; 437   ;
;     -- Register only                        ; 30    ;
;     -- Combinational with a register        ; 116   ;
;                                             ;       ;
; Logic element usage by number of LUT inputs ;       ;
;     -- 4 input functions                    ; 297   ;
;     -- 3 input functions                    ; 110   ;
;     -- 2 input functions                    ; 126   ;
;     -- 1 input functions                    ; 20    ;
;     -- 0 input functions                    ; 0     ;
;                                             ;       ;
; Logic elements by mode                      ;       ;
;     -- normal mode                          ; 505   ;
;     -- arithmetic mode                      ; 78    ;
;     -- qfbk mode                            ; 0     ;
;     -- register cascade mode                ; 0     ;
;     -- synchronous clear/load mode          ; 23    ;
;     -- asynchronous clear/load mode         ; 97    ;
;                                             ;       ;
; Total registers                             ; 146   ;
; Total logic cells in carry chains           ; 86    ;
; I/O pins                                    ; 27    ;
; Maximum fan-out node                        ; clk   ;
; Maximum fan-out                             ; 106   ;
; Total fan-out                               ; 2173  ;
; Average fan-out                             ; 3.56  ;
+---------------------------------------------+-------+


+-------------------------------------------------------------------------------------------------------------------------------------------------------------------------------------------------------------------------------+
; Analysis & Synthesis Resource Utilization by Entity                                                                                                                                                                           ;
+----------------------------+-------------+--------------+------------+------+--------------+--------------+-------------------+------------------+-----------------+------------+------------------------------+--------------+
; Compilation Hierarchy Node ; Logic Cells ; LC Registers ; UFM Blocks ; Pins ; Virtual Pins ; LUT-Only LCs ; Register-Only LCs ; LUT/Register LCs ; Carry Chain LCs ; Packed LCs ; Full Hierarchy Name          ; Library Name ;
+----------------------------+-------------+--------------+------------+------+--------------+--------------+-------------------+------------------+-----------------+------------+------------------------------+--------------+
; |FinalExam                 ; 583 (0)     ; 146          ; 0          ; 27   ; 0            ; 437 (0)      ; 30 (0)            ; 116 (0)          ; 86 (0)          ; 0 (0)      ; |FinalExam                   ; work         ;
;    |autoPlay:P|            ; 251 (251)   ; 33           ; 0          ; 0    ; 0            ; 218 (218)    ; 9 (9)             ; 24 (24)          ; 30 (30)         ; 0 (0)      ; |FinalExam|autoPlay:P        ; work         ;
;    |game:G|                ; 266 (266)   ; 91           ; 0          ; 0    ; 0            ; 175 (175)    ; 18 (18)           ; 73 (73)          ; 36 (36)         ; 0 (0)      ; |FinalExam|game:G            ; work         ;
;    |toneOut:speeker|       ; 46 (46)     ; 22           ; 0          ; 0    ; 0            ; 24 (24)      ; 3 (3)             ; 19 (19)          ; 20 (20)         ; 0 (0)      ; |FinalExam|toneOut:speeker   ; work         ;
;    |toneTable:toneOut|     ; 20 (20)     ; 0            ; 0          ; 0    ; 0            ; 20 (20)      ; 0 (0)             ; 0 (0)            ; 0 (0)           ; 0 (0)      ; |FinalExam|toneTable:toneOut ; work         ;
+----------------------------+-------------+--------------+------------+------+--------------+--------------+-------------------+------------------+-----------------+------------+------------------------------+--------------+
Note: For table entries with two numbers listed, the numbers in parentheses indicate the number of resources of the given type used by the specific entity alone. The numbers listed outside of parentheses indicate the total resources of the given type used by the specific entity and all of its sub-entities in the hierarchy.


Encoding Type:  One-Hot
+----------------------------------------+
; State Machine - |FinalExam|game:G|temp ;
+--------+-------------------------------+
; Name   ; temp.1                        ;
+--------+-------------------------------+
; temp.0 ; 0                             ;
; temp.1 ; 1                             ;
+--------+-------------------------------+


+---------------------------------------------------------------------------------------------------------------+
; User-Specified and Inferred Latches                                                                           ;
+-----------------------------------------------------+--------------------------------+------------------------+
; Latch Name                                          ; Latch Enable Signal            ; Free of Timing Hazards ;
+-----------------------------------------------------+--------------------------------+------------------------+
; game:G|keyBuf[2]                                    ; GND                            ; yes                    ;
; autoPlay:P|autoPlayIndex[0]                         ; autoPlay:P|autoPlayIndex[0]~72 ; yes                    ;
; autoPlay:P|autoPlayIndex[2]                         ; autoPlay:P|autoPlayIndex[2]~37 ; yes                    ;
; autoPlay:P|autoPlayIndex[3]                         ; autoPlay:P|autoPlayIndex[0]~72 ; yes                    ;
; autoPlay:P|autoPlayIndex[1]                         ; autoPlay:P|autoPlayIndex[1]~54 ; yes                    ;
; autoPlay:P|autoPlayIndex[4]                         ; autoPlay:P|autoPlayIndex[4]~0  ; yes                    ;
; game:G|led[1]                                       ; VCC                            ; yes                    ;
; game:G|led[4]                                       ; VCC                            ; yes                    ;
; game:G|led[0]                                       ; VCC                            ; yes                    ;
; game:G|led[2]                                       ; VCC                            ; yes                    ;
; game:G|led[3]                                       ; VCC                            ; yes                    ;
; game:G|led[5]                                       ; VCC                            ; yes                    ;
; Number of user-specified and inferred latches = 12  ;                                ;                        ;
+-----------------------------------------------------+--------------------------------+------------------------+
Note: All latches listed above may not be present at the end of synthesis due to various synthesis optimizations.


+---------------------------------------------------------------------------------+
; Registers Removed During Synthesis                                              ;
+----------------------------------------+----------------------------------------+
; Register name                          ; Reason for Removal                     ;
+----------------------------------------+----------------------------------------+
; game:G|q1[4]                           ; Stuck at GND due to stuck port data_in ;
; game:G|q1[0..1,3]                      ; Stuck at VCC due to stuck port data_in ;
; game:G|q2[1]                           ; Stuck at GND due to stuck port data_in ;
; game:G|q3[4]                           ; Stuck at GND due to stuck port data_in ;
; game:G|q3[2..3]                        ; Stuck at VCC due to stuck port data_in ;
; game:G|q3[0]                           ; Merged with game:G|q2[0]               ;
; game:G|q2[0]                           ; Merged with game:G|q2[2]               ;
; game:G|q2[2]                           ; Merged with game:G|q2[3]               ;
; game:G|q3[1]                           ; Merged with game:G|q2[4]               ;
; game:G|q2[3..4]                        ; Merged with game:G|q1[2]               ;
; game:G|user[0][4]                      ; Stuck at GND due to stuck port data_in ;
; game:G|user[1][4]                      ; Stuck at GND due to stuck port data_in ;
; game:G|user[2][4]                      ; Stuck at GND due to stuck port data_in ;
; game:G|user[3][4]                      ; Stuck at GND due to stuck port data_in ;
; game:G|buttom_count[3]                 ; Stuck at GND due to stuck port data_in ;
; game:G|q5[4]                           ; Stuck at GND due to stuck port data_in ;
; game:G|q6[4]                           ; Stuck at GND due to stuck port data_in ;
; Total Number of Removed Registers = 21 ;                                        ;
+----------------------------------------+----------------------------------------+


+----------------------------------------------------------------------------------------+
; Removed Registers Triggering Further Register Optimizations                            ;
+-------------------+---------------------------+----------------------------------------+
; Register name     ; Reason for Removal        ; Registers Removed due to This Register ;
+-------------------+---------------------------+----------------------------------------+
; game:G|user[0][4] ; Stuck at GND              ; game:G|q5[4], game:G|q6[4]             ;
;                   ; due to stuck port data_in ;                                        ;
+-------------------+---------------------------+----------------------------------------+


+------------------------------------------------------+
; General Register Statistics                          ;
+----------------------------------------------+-------+
; Statistic                                    ; Value ;
+----------------------------------------------+-------+
; Total registers                              ; 146   ;
; Number of registers using Synchronous Clear  ; 23    ;
; Number of registers using Synchronous Load   ; 0     ;
; Number of registers using Asynchronous Clear ; 97    ;
; Number of registers using Asynchronous Load  ; 0     ;
; Number of registers using Clock Enable       ; 69    ;
; Number of registers using Preset             ; 0     ;
+----------------------------------------------+-------+


+---------------------------------------------------+
; Inverted Register Statistics                      ;
+-----------------------------------------+---------+
; Inverted Register                       ; Fan out ;
+-----------------------------------------+---------+
; game:G|q6[3]                            ; 1       ;
; game:G|q7[3]                            ; 1       ;
; game:G|q4[3]                            ; 1       ;
; game:G|q5[3]                            ; 1       ;
; game:G|q4[2]                            ; 1       ;
; game:G|q5[2]                            ; 1       ;
; game:G|q6[2]                            ; 1       ;
; game:G|q7[2]                            ; 1       ;
; game:G|q6[0]                            ; 1       ;
; game:G|q7[0]                            ; 1       ;
; game:G|q0[0]                            ; 2       ;
; game:G|q4[0]                            ; 1       ;
; game:G|q5[0]                            ; 1       ;
; game:G|life[1]                          ; 8       ;
; game:G|life[0]                          ; 8       ;
; game:G|user[1][3]                       ; 2       ;
; game:G|user[0][2]                       ; 2       ;
; game:G|user[2][3]                       ; 2       ;
; game:G|user[3][3]                       ; 2       ;
; game:G|user[3][0]                       ; 4       ;
; game:G|user[1][0]                       ; 3       ;
; game:G|level[0]                         ; 11      ;
; game:G|user[0][3]                       ; 4       ;
; game:G|user[0][0]                       ; 4       ;
; game:G|user[1][2]                       ; 5       ;
; game:G|user[3][2]                       ; 3       ;
; game:G|user[2][0]                       ; 4       ;
; game:G|user[2][2]                       ; 4       ;
; game:G|buttom_count[0]                  ; 27      ;
; game:G|buttom_count[2]                  ; 28      ;
; Total number of inverted registers = 30 ;         ;
+-----------------------------------------+---------+


+--------------------------------------------------------------------------------------------------------------------------------------------------+
; Multiplexer Restructuring Statistics (Restructuring Performed)                                                                                   ;
+--------------------+-----------+---------------+----------------------+------------------------+------------+------------------------------------+
; Multiplexer Inputs ; Bus Width ; Baseline Area ; Area if Restructured ; Saving if Restructured ; Registered ; Example Multiplexer Output         ;
+--------------------+-----------+---------------+----------------------+------------------------+------------+------------------------------------+
; 3:1                ; 3 bits    ; 6 LEs         ; 3 LEs                ; 3 LEs                  ; Yes        ; |FinalExam|game:G|bncCount_play[1] ;
; 4:1                ; 5 bits    ; 10 LEs        ; 0 LEs                ; 10 LEs                 ; Yes        ; |FinalExam|game:G|key_press_cnt[1] ;
; 5:1                ; 4 bits    ; 12 LEs        ; 0 LEs                ; 12 LEs                 ; Yes        ; |FinalExam|game:G|level[3]         ;
; 6:1                ; 4 bits    ; 16 LEs        ; 4 LEs                ; 12 LEs                 ; Yes        ; |FinalExam|game:G|q0[1]            ;
; 71:1               ; 2 bits    ; 94 LEs        ; 16 LEs               ; 78 LEs                 ; Yes        ; |FinalExam|game:G|sound[3]         ;
; 71:1               ; 2 bits    ; 94 LEs        ; 16 LEs               ; 78 LEs                 ; Yes        ; |FinalExam|game:G|sound[2]         ;
; 17:1               ; 8 bits    ; 88 LEs        ; 8 LEs                ; 80 LEs                 ; Yes        ; |FinalExam|autoPlay:P|count[5]     ;
; 3:1                ; 3 bits    ; 6 LEs         ; 0 LEs                ; 6 LEs                  ; Yes        ; |FinalExam|game:G|user[3][0]       ;
; 3:1                ; 3 bits    ; 6 LEs         ; 0 LEs                ; 6 LEs                  ; Yes        ; |FinalExam|game:G|user[2][3]       ;
; 3:1                ; 3 bits    ; 6 LEs         ; 0 LEs                ; 6 LEs                  ; Yes        ; |FinalExam|game:G|user[1][0]       ;
; 3:1                ; 3 bits    ; 6 LEs         ; 0 LEs                ; 6 LEs                  ; Yes        ; |FinalExam|game:G|user[0][2]       ;
; 8:1                ; 2 bits    ; 10 LEs        ; 8 LEs                ; 2 LEs                  ; Yes        ; |FinalExam|game:G|life[0]          ;
; 13:1               ; 3 bits    ; 24 LEs        ; 6 LEs                ; 18 LEs                 ; Yes        ; |FinalExam|game:G|q4[3]            ;
; 13:1               ; 3 bits    ; 24 LEs        ; 6 LEs                ; 18 LEs                 ; Yes        ; |FinalExam|game:G|q5[0]            ;
; 13:1               ; 3 bits    ; 24 LEs        ; 6 LEs                ; 18 LEs                 ; Yes        ; |FinalExam|game:G|q6[0]            ;
; 13:1               ; 3 bits    ; 24 LEs        ; 6 LEs                ; 18 LEs                 ; Yes        ; |FinalExam|game:G|q7[3]            ;
; 7:1                ; 2 bits    ; 8 LEs         ; 8 LEs                ; 0 LEs                  ; No         ; |FinalExam|game:G|Mux1             ;
+--------------------+-----------+---------------+----------------------+------------------------+------------+------------------------------------+


+-------------------------------+
; Analysis & Synthesis Messages ;
+-------------------------------+
Info: *******************************************************************
Info: Running Quartus II Analysis & Synthesis
    Info: Version 8.1 Build 163 10/28/2008 SJ Web Edition
    Info: Processing started: Thu Jan 03 11:45:02 2019
Info: Command: quartus_map --read_settings_files=on --write_settings_files=off FinalExam -c FinalExam
Info: Found 1 design units, including 1 entities, in source file autoPlay.v
    Info: Found entity 1: autoPlay
Info: Found 1 design units, including 1 entities, in source file toneOut.v
    Info: Found entity 1: toneOut
Info: Found 1 design units, including 1 entities, in source file table.v
    Info: Found entity 1: toneTable
Info: Found 1 design units, including 1 entities, in source file FinalExam.v
    Info: Found entity 1: FinalExam
Info: Found 1 design units, including 1 entities, in source file game.v
    Info: Found entity 1: game
Info: Elaborating entity "FinalExam" for the top level hierarchy
Info: Elaborating entity "game" for hierarchy "game:G"
Warning (10036): Verilog HDL or VHDL warning at game.v(19): object "clk2" assigned a value but never read
Warning (10230): Verilog HDL assignment warning at game.v(58): truncated value with size 32 to match size of target (26)
Warning (10230): Verilog HDL assignment warning at game.v(124): truncated value with size 32 to match size of target (3)
Warning (10230): Verilog HDL assignment warning at game.v(206): truncated value with size 32 to match size of target (5)
Warning (10230): Verilog HDL assignment warning at game.v(215): truncated value with size 32 to match size of target (5)
Warning (10230): Verilog HDL assignment warning at game.v(224): truncated value with size 32 to match size of target (5)
Warning (10230): Verilog HDL assignment warning at game.v(233): truncated value with size 32 to match size of target (5)
Warning (10230): Verilog HDL assignment warning at game.v(270): truncated value with size 32 to match size of target (2)
Warning (10230): Verilog HDL assignment warning at game.v(295): truncated value with size 32 to match size of target (4)
Warning (10230): Verilog HDL assignment warning at game.v(315): truncated value with size 32 to match size of target (5)
Warning (10230): Verilog HDL assignment warning at game.v(321): truncated value with size 32 to match size of target (5)
Warning (10240): Verilog HDL Always Construct warning at game.v(352): inferring latch(es) for variable "led", which holds its previous value in one or more paths through the always construct
Warning (10240): Verilog HDL Always Construct warning at game.v(436): inferring latch(es) for variable "keyBuf", which holds its previous value in one or more paths through the always construct
Warning (10235): Verilog HDL Always Construct warning at game.v(445): variable "q0" is read inside the Always Construct but isn't in the Always Construct's Event Control
Warning (10235): Verilog HDL Always Construct warning at game.v(447): variable "q1" is read inside the Always Construct but isn't in the Always Construct's Event Control
Warning (10235): Verilog HDL Always Construct warning at game.v(449): variable "q2" is read inside the Always Construct but isn't in the Always Construct's Event Control
Warning (10235): Verilog HDL Always Construct warning at game.v(451): variable "q3" is read inside the Always Construct but isn't in the Always Construct's Event Control
Warning (10235): Verilog HDL Always Construct warning at game.v(453): variable "q4" is read inside the Always Construct but isn't in the Always Construct's Event Control
Warning (10235): Verilog HDL Always Construct warning at game.v(455): variable "q5" is read inside the Always Construct but isn't in the Always Construct's Event Control
Warning (10235): Verilog HDL Always Construct warning at game.v(457): variable "q6" is read inside the Always Construct but isn't in the Always Construct's Event Control
Warning (10235): Verilog HDL Always Construct warning at game.v(459): variable "q7" is read inside the Always Construct but isn't in the Always Construct's Event Control
Info (10041): Inferred latch for "keyBuf[0]" at game.v(436)
Info (10041): Inferred latch for "keyBuf[1]" at game.v(436)
Info (10041): Inferred latch for "keyBuf[2]" at game.v(436)
Info (10041): Inferred latch for "keyBuf[3]" at game.v(436)
Info (10041): Inferred latch for "keyBuf[4]" at game.v(436)
Info (10041): Inferred latch for "keyBuf[5]" at game.v(436)
Info (10041): Inferred latch for "led[0]" at game.v(352)
Info (10041): Inferred latch for "led[1]" at game.v(352)
Info (10041): Inferred latch for "led[2]" at game.v(352)
Info (10041): Inferred latch for "led[3]" at game.v(352)
Info (10041): Inferred latch for "led[4]" at game.v(352)
Info (10041): Inferred latch for "led[5]" at game.v(352)
Info (10041): Inferred latch for "answer5[3][0]" at game.v(280)
Info (10041): Inferred latch for "answer5[3][1]" at game.v(280)
Info (10041): Inferred latch for "answer5[3][2]" at game.v(280)
Info (10041): Inferred latch for "answer5[3][3]" at game.v(280)
Info (10041): Inferred latch for "answer5[3][4]" at game.v(280)
Info (10041): Inferred latch for "answer5[2][0]" at game.v(280)
Info (10041): Inferred latch for "answer5[2][1]" at game.v(280)
Info (10041): Inferred latch for "answer5[2][2]" at game.v(280)
Info (10041): Inferred latch for "answer5[2][3]" at game.v(280)
Info (10041): Inferred latch for "answer5[2][4]" at game.v(280)
Info (10041): Inferred latch for "answer5[1][0]" at game.v(280)
Info (10041): Inferred latch for "answer5[1][1]" at game.v(280)
Info (10041): Inferred latch for "answer5[1][2]" at game.v(280)
Info (10041): Inferred latch for "answer5[1][3]" at game.v(280)
Info (10041): Inferred latch for "answer5[1][4]" at game.v(280)
Info (10041): Inferred latch for "answer5[0][0]" at game.v(280)
Info (10041): Inferred latch for "answer5[0][1]" at game.v(280)
Info (10041): Inferred latch for "answer5[0][2]" at game.v(280)
Info (10041): Inferred latch for "answer5[0][3]" at game.v(280)
Info (10041): Inferred latch for "answer5[0][4]" at game.v(280)
Info (10041): Inferred latch for "answer4[3][0]" at game.v(280)
Info (10041): Inferred latch for "answer4[3][1]" at game.v(280)
Info (10041): Inferred latch for "answer4[3][2]" at game.v(280)
Info (10041): Inferred latch for "answer4[3][3]" at game.v(280)
Info (10041): Inferred latch for "answer4[3][4]" at game.v(280)
Info (10041): Inferred latch for "answer4[2][0]" at game.v(280)
Info (10041): Inferred latch for "answer4[2][1]" at game.v(280)
Info (10041): Inferred latch for "answer4[2][2]" at game.v(280)
Info (10041): Inferred latch for "answer4[2][3]" at game.v(280)
Info (10041): Inferred latch for "answer4[2][4]" at game.v(280)
Info (10041): Inferred latch for "answer4[1][0]" at game.v(280)
Info (10041): Inferred latch for "answer4[1][1]" at game.v(280)
Info (10041): Inferred latch for "answer4[1][2]" at game.v(280)
Info (10041): Inferred latch for "answer4[1][3]" at game.v(280)
Info (10041): Inferred latch for "answer4[1][4]" at game.v(280)
Info (10041): Inferred latch for "answer4[0][0]" at game.v(280)
Info (10041): Inferred latch for "answer4[0][1]" at game.v(280)
Info (10041): Inferred latch for "answer4[0][2]" at game.v(280)
Info (10041): Inferred latch for "answer4[0][3]" at game.v(280)
Info (10041): Inferred latch for "answer4[0][4]" at game.v(280)
Info (10041): Inferred latch for "answer3[3][0]" at game.v(280)
Info (10041): Inferred latch for "answer3[3][1]" at game.v(280)
Info (10041): Inferred latch for "answer3[3][2]" at game.v(280)
Info (10041): Inferred latch for "answer3[3][3]" at game.v(280)
Info (10041): Inferred latch for "answer3[3][4]" at game.v(280)
Info (10041): Inferred latch for "answer3[2][0]" at game.v(280)
Info (10041): Inferred latch for "answer3[2][1]" at game.v(280)
Info (10041): Inferred latch for "answer3[2][2]" at game.v(280)
Info (10041): Inferred latch for "answer3[2][3]" at game.v(280)
Info (10041): Inferred latch for "answer3[2][4]" at game.v(280)
Info (10041): Inferred latch for "answer3[1][0]" at game.v(280)
Info (10041): Inferred latch for "answer3[1][1]" at game.v(280)
Info (10041): Inferred latch for "answer3[1][2]" at game.v(280)
Info (10041): Inferred latch for "answer3[1][3]" at game.v(280)
Info (10041): Inferred latch for "answer3[1][4]" at game.v(280)
Info (10041): Inferred latch for "answer3[0][0]" at game.v(280)
Info (10041): Inferred latch for "answer3[0][1]" at game.v(280)
Info (10041): Inferred latch for "answer3[0][2]" at game.v(280)
Info (10041): Inferred latch for "answer3[0][3]" at game.v(280)
Info (10041): Inferred latch for "answer3[0][4]" at game.v(280)
Info (10041): Inferred latch for "answer2[3][0]" at game.v(280)
Info (10041): Inferred latch for "answer2[3][1]" at game.v(280)
Info (10041): Inferred latch for "answer2[3][2]" at game.v(280)
Info (10041): Inferred latch for "answer2[3][3]" at game.v(280)
Info (10041): Inferred latch for "answer2[3][4]" at game.v(280)
Info (10041): Inferred latch for "answer2[2][0]" at game.v(280)
Info (10041): Inferred latch for "answer2[2][1]" at game.v(280)
Info (10041): Inferred latch for "answer2[2][2]" at game.v(280)
Info (10041): Inferred latch for "answer2[2][3]" at game.v(280)
Info (10041): Inferred latch for "answer2[2][4]" at game.v(280)
Info (10041): Inferred latch for "answer2[1][0]" at game.v(280)
Info (10041): Inferred latch for "answer2[1][1]" at game.v(280)
Info (10041): Inferred latch for "answer2[1][2]" at game.v(280)
Info (10041): Inferred latch for "answer2[1][3]" at game.v(280)
Info (10041): Inferred latch for "answer2[1][4]" at game.v(280)
Info (10041): Inferred latch for "answer2[0][0]" at game.v(280)
Info (10041): Inferred latch for "answer2[0][1]" at game.v(280)
Info (10041): Inferred latch for "answer2[0][2]" at game.v(280)
Info (10041): Inferred latch for "answer2[0][3]" at game.v(280)
Info (10041): Inferred latch for "answer2[0][4]" at game.v(280)
Info (10041): Inferred latch for "answer1[3][0]" at game.v(280)
Info (10041): Inferred latch for "answer1[3][1]" at game.v(280)
Info (10041): Inferred latch for "answer1[3][2]" at game.v(280)
Info (10041): Inferred latch for "answer1[3][3]" at game.v(280)
Info (10041): Inferred latch for "answer1[3][4]" at game.v(280)
Info (10041): Inferred latch for "answer1[2][0]" at game.v(280)
Info (10041): Inferred latch for "answer1[2][1]" at game.v(280)
Info (10041): Inferred latch for "answer1[2][2]" at game.v(280)
Info (10041): Inferred latch for "answer1[2][3]" at game.v(280)
Info (10041): Inferred latch for "answer1[2][4]" at game.v(280)
Info (10041): Inferred latch for "answer1[1][0]" at game.v(280)
Info (10041): Inferred latch for "answer1[1][1]" at game.v(280)
Info (10041): Inferred latch for "answer1[1][2]" at game.v(280)
Info (10041): Inferred latch for "answer1[1][3]" at game.v(280)
Info (10041): Inferred latch for "answer1[1][4]" at game.v(280)
Info (10041): Inferred latch for "answer1[0][0]" at game.v(280)
Info (10041): Inferred latch for "answer1[0][1]" at game.v(280)
Info (10041): Inferred latch for "answer1[0][2]" at game.v(280)
Info (10041): Inferred latch for "answer1[0][3]" at game.v(280)
Info (10041): Inferred latch for "answer1[0][4]" at game.v(280)
Info: Elaborating entity "autoPlay" for hierarchy "autoPlay:P"
Warning (10230): Verilog HDL assignment warning at autoPlay.v(22): truncated value with size 32 to match size of target (17)
Warning (10230): Verilog HDL assignment warning at autoPlay.v(33): truncated value with size 32 to match size of target (5)
Warning (10230): Verilog HDL assignment warning at autoPlay.v(53): truncated value with size 32 to match size of target (8)
Warning (10230): Verilog HDL assignment warning at autoPlay.v(63): truncated value with size 32 to match size of target (8)
Warning (10230): Verilog HDL assignment warning at autoPlay.v(73): truncated value with size 32 to match size of target (8)
Warning (10230): Verilog HDL assignment warning at autoPlay.v(83): truncated value with size 32 to match size of target (8)
Warning (10230): Verilog HDL assignment warning at autoPlay.v(93): truncated value with size 32 to match size of target (8)
Warning (10235): Verilog HDL Always Construct warning at autoPlay.v(106): variable "sound" is read inside the Always Construct but isn't in the Always Construct's Event Control
Warning (10235): Verilog HDL Always Construct warning at autoPlay.v(120): variable "sound" is read inside the Always Construct but isn't in the Always Construct's Event Control
Warning (10235): Verilog HDL Always Construct warning at autoPlay.v(134): variable "sound" is read inside the Always Construct but isn't in the Always Construct's Event Control
Warning (10235): Verilog HDL Always Construct warning at autoPlay.v(148): variable "sound" is read inside the Always Construct but isn't in the Always Construct's Event Control
Warning (10235): Verilog HDL Always Construct warning at autoPlay.v(162): variable "sound" is read inside the Always Construct but isn't in the Always Construct's Event Control
Warning (10235): Verilog HDL Always Construct warning at autoPlay.v(176): variable "sound" is read inside the Always Construct but isn't in the Always Construct's Event Control
Warning (10235): Verilog HDL Always Construct warning at autoPlay.v(190): variable "sound" is read inside the Always Construct but isn't in the Always Construct's Event Control
Warning (10235): Verilog HDL Always Construct warning at autoPlay.v(204): variable "sound" is read inside the Always Construct but isn't in the Always Construct's Event Control
Warning (10235): Verilog HDL Always Construct warning at autoPlay.v(218): variable "sound" is read inside the Always Construct but isn't in the Always Construct's Event Control
Warning (10235): Verilog HDL Always Construct warning at autoPlay.v(232): variable "sound" is read inside the Always Construct but isn't in the Always Construct's Event Control
Warning (10235): Verilog HDL Always Construct warning at autoPlay.v(254): variable "sound" is read inside the Always Construct but isn't in the Always Construct's Event Control
Warning (10235): Verilog HDL Always Construct warning at autoPlay.v(416): variable "sound" is read inside the Always Construct but isn't in the Always Construct's Event Control
Warning (10270): Verilog HDL Case Statement warning at autoPlay.v(418): incomplete case statement has no default case item
Warning (10235): Verilog HDL Always Construct warning at autoPlay.v(465): variable "sound" is read inside the Always Construct but isn't in the Always Construct's Event Control
Warning (10235): Verilog HDL Always Construct warning at autoPlay.v(467): variable "level" is read inside the Always Construct but isn't in the Always Construct's Event Control
Warning (10235): Verilog HDL Always Construct warning at autoPlay.v(505): variable "level" is read inside the Always Construct but isn't in the Always Construct's Event Control
Warning (10235): Verilog HDL Always Construct warning at autoPlay.v(543): variable "level" is read inside the Always Construct but isn't in the Always Construct's Event Control
Warning (10235): Verilog HDL Always Construct warning at autoPlay.v(581): variable "level" is read inside the Always Construct but isn't in the Always Construct's Event Control
Warning (10235): Verilog HDL Always Construct warning at autoPlay.v(619): variable "level" is read inside the Always Construct but isn't in the Always Construct's Event Control
Warning (10240): Verilog HDL Always Construct warning at autoPlay.v(104): inferring latch(es) for variable "autoPlayIndex", which holds its previous value in one or more paths through the always construct
Info (10041): Inferred latch for "autoPlayIndex[0]" at autoPlay.v(104)
Info (10041): Inferred latch for "autoPlayIndex[1]" at autoPlay.v(104)
Info (10041): Inferred latch for "autoPlayIndex[2]" at autoPlay.v(104)
Info (10041): Inferred latch for "autoPlayIndex[3]" at autoPlay.v(104)
Info (10041): Inferred latch for "autoPlayIndex[4]" at autoPlay.v(104)
Info: Elaborating entity "toneTable" for hierarchy "toneTable:toneOut"
Info: Elaborating entity "toneOut" for hierarchy "toneOut:speeker"
Warning (10230): Verilog HDL assignment warning at toneOut.v(14): truncated value with size 32 to match size of target (5)
Warning (10230): Verilog HDL assignment warning at toneOut.v(32): truncated value with size 32 to match size of target (15)
Warning: Latch autoPlay:P|autoPlayIndex[0] has unsafe behavior
    Warning: Ports D and ENA on the latch are fed by the same signal game:G|sound[1]
Warning: Latch autoPlay:P|autoPlayIndex[2] has unsafe behavior
    Warning: Ports D and ENA on the latch are fed by the same signal game:G|sound[3]
    Warning: Ports ENA and CLR on the latch are fed by the same signal game:G|sound[0]
Warning: Latch autoPlay:P|autoPlayIndex[3] has unsafe behavior
    Warning: Ports D and ENA on the latch are fed by the same signal game:G|sound[1]
Warning: Latch autoPlay:P|autoPlayIndex[1] has unsafe behavior
    Warning: Ports D and ENA on the latch are fed by the same signal game:G|sound[3]
    Warning: Ports ENA and CLR on the latch are fed by the same signal game:G|sound[2]
Warning: Latch autoPlay:P|autoPlayIndex[4] has unsafe behavior
    Warning: Ports D and ENA on the latch are fed by the same signal game:G|sound[3]
    Warning: Ports ENA and CLR on the latch are fed by the same signal game:G|sound[0]
Warning: Output pins are stuck at VCC or GND
    Warning (13410): Pin "keyBuf[3]" is stuck at VCC
    Warning (13410): Pin "keyBuf[4]" is stuck at VCC
    Warning (13410): Pin "keyBuf[5]" is stuck at VCC
Info: Registers with preset signals will power-up high
Info: Implemented 610 device resources after synthesis - the final resource count might be different
    Info: Implemented 6 input pins
    Info: Implemented 21 output pins
    Info: Implemented 583 logic cells
Info: Generated suppressed messages file C:/altera/81/quartus/project/FinalExam/FinalExam.map.smsg
Info: Quartus II Analysis & Synthesis was successful. 0 errors, 67 warnings
    Info: Peak virtual memory: 254 megabytes
    Info: Processing ended: Thu Jan 03 11:45:07 2019
    Info: Elapsed time: 00:00:05
    Info: Total CPU time (on all processors): 00:00:05


+------------------------------------------+
; Analysis & Synthesis Suppressed Messages ;
+------------------------------------------+
The suppressed messages can be found in C:/altera/81/quartus/project/FinalExam/FinalExam.map.smsg.


